<?xml version="1.0" encoding="UTF-8"?>
<testng-results skipped="0" failed="0" total="1" passed="1">
  <reporter-output>
  </reporter-output>
  <suite name="Default suite" duration-ms="21570" started-at="2017-09-06T10:20:09Z" finished-at="2017-09-06T10:20:31Z">
    <groups>
    </groups>
    <test name="Default test" duration-ms="21570" started-at="2017-09-06T10:20:09Z" finished-at="2017-09-06T10:20:31Z">
      <class name="TestCases.TC_004">
        <test-method status="PASS" signature="start()[pri:0, instance:TestCases.TC_004@71be98f5]" name="start" is-config="true" duration-ms="475" started-at="2017-09-06T15:50:09Z" finished-at="2017-09-06T15:50:10Z">
          <reporter-output>
          </reporter-output>
        </test-method> <!-- start -->
        <test-method status="PASS" signature="TC_004()[pri:0, instance:TestCases.TC_004@71be98f5]" name="TC_004" duration-ms="21085" started-at="2017-09-06T15:50:10Z" finished-at="2017-09-06T15:50:31Z">
          <reporter-output>
          </reporter-output>
        </test-method> <!-- TC_004 -->
      </class> <!-- TestCases.TC_004 -->
    </test> <!-- Default test -->
  </suite> <!-- Default suite -->
</testng-results>
